0001_0028_0016_0059_0059.jpg 1 28 16 59 59
0002_0038_0054_0028_0028.jpg 1 38 54 28 28
0003_0037_0028_0056_0056.jpg 1 37 28 56 56
0004_0018_0013_0025_0025.jpg 1 18 13 25 25
0005_0007_0013_0038_0038.jpg 1 7 13 38 38
0006_0034_0028_0044_0044.jpg 1 34 28 44 44
0007_0009_0019_0051_0051.jpg 1 9 19 51 51
0008_0044_0020_0036_0036.jpg 1 44 20 36 36
0009_0018_0013_0062_0062.jpg 1 18 13 62 62
0010_0015_0026_0067_0067.jpg 1 15 26 67 67
0011_0034_0023_0061_0061.jpg 1 34 23 61 61
0012_0023_0063_0026_0026.jpg 1 23 63 26 26
0013_0020_0040_0052_0052.jpg 1 20 40 52 52
0014_0026_0015_0066_0066.jpg 1 26 15 66 66
0015_0013_0032_0056_0056.jpg 1 13 32 56 56
0016_0036_0010_0042_0042.jpg 1 36 10 42 42
0017_0047_0034_0042_0042.jpg 1 47 34 42 42
0018_0053_0007_0032_0032.jpg 1 53 7 32 32
0019_0041_0031_0050_0050.jpg 1 41 31 50 50
0020_0040_0044_0044_0044.jpg 1 40 44 44 44
0021_0031_0046_0047_0047.jpg 1 31 46 47 47
0022_0011_0022_0065_0065.jpg 1 11 22 65 65
0023_0017_0003_0065_0065.jpg 1 17 3 65 65
0024_0022_0012_0047_0047.jpg 1 22 12 47 47
0025_0042_0008_0036_0036.jpg 1 42 8 36 36
0026_0033_0014_0056_0056.jpg 1 33 14 56 56
0027_0034_0037_0053_0053.jpg 1 34 37 53 53
0028_0012_0030_0066_0066.jpg 1 12 30 66 66
0029_0013_0018_0034_0034.jpg 1 13 18 34 34
0030_0018_0027_0053_0053.jpg 1 18 27 53 53
0031_0031_0039_0039_0039.jpg 1 31 39 39 39
0032_0025_0016_0050_0050.jpg 1 25 16 50 50
0033_0009_0028_0061_0061.jpg 1 9 28 61 61
0034_0052_0034_0037_0037.jpg 1 52 34 37 37
0035_0032_0045_0042_0042.jpg 1 32 45 42 42
0036_0019_0007_0027_0027.jpg 1 19 7 27 27
0037_0036_0029_0042_0042.jpg 1 36 29 42 42
0038_0007_0003_0063_0063.jpg 1 7 3 63 63
0039_0027_0019_0046_0046.jpg 1 27 19 46 46
0040_0010_0014_0062_0062.jpg 1 10 14 62 62
0041_0024_0021_0047_0047.jpg 1 24 21 47 47
0042_0019_0039_0035_0035.jpg 1 19 39 35 35
0043_0014_0007_0069_0069.jpg 1 14 7 69 69
0044_0021_0032_0062_0062.jpg 1 21 32 62 62
0045_0005_0011_0050_0050.jpg 1 5 11 50 50
0046_0025_0043_0032_0032.jpg 1 25 43 32 32
0047_0035_0020_0027_0027.jpg 1 35 20 27 27
0048_0011_0005_0066_0066.jpg 1 11 5 66 66
0049_0021_0009_0066_0066.jpg 1 21 9 66 66
0050_0024_0010_0046_0046.jpg 1 24 10 46 46
0051_0007_0028_0056_0056.jpg 1 7 28 56 56
0052_0023_0032_0050_0050.jpg 1 23 32 50 50
0053_0019_0005_0052_0052.jpg 1 19 5 52 52
0054_0033_0053_0040_0040.jpg 1 33 53 40 40
0055_0043_0051_0034_0034.jpg 1 43 51 34 34
0056_0029_0034_0042_0042.jpg 1 29 34 42 42
0057_0049_0036_0045_0045.jpg 1 49 36 45 45
0058_0037_0013_0052_0052.jpg 1 37 13 52 52
0059_0008_0021_0068_0068.jpg 1 8 21 68 68
0060_0005_0005_0058_0058.jpg 1 5 5 58 58
0061_0015_0038_0028_0028.jpg 1 15 38 28 28
0062_0008_0028_0066_0066.jpg 1 8 28 66 66
0063_0039_0017_0052_0052.jpg 1 39 17 52 52
0064_0045_0049_0044_0044.jpg 1 45 49 44 44
0065_0007_0028_0043_0043.jpg 1 7 28 43 43
0066_0055_0028_0037_0037.jpg 1 55 28 37 37
0067_0027_0016_0069_0069.jpg 1 27 16 69 69
0068_0046_0051_0029_0029.jpg 1 46 51 29 29
0069_0009_0019_0055_0055.jpg 1 9 19 55 55
0070_0021_0015_0037_0037.jpg 1 21 15 37 37
0071_0032_0017_0049_0049.jpg 1 32 17 49 49
0072_0010_0013_0054_0054.jpg 1 10 13 54 54
0073_0017_0027_0053_0053.jpg 1 17 27 53 53
0074_0013_0034_0060_0060.jpg 1 13 34 60 60
0075_0015_0026_0046_0046.jpg 1 15 26 46 46
0076_0013_0011_0061_0061.jpg 1 13 11 61 61
0077_0032_0019_0037_0037.jpg 1 32 19 37 37
0078_0024_0015_0025_0025.jpg 1 24 15 25 25
0079_0010_0013_0057_0057.jpg 1 10 13 57 57
0080_0010_0006_0053_0053.jpg 1 10 6 53 53
0081_0033_0012_0056_0056.jpg 1 33 12 56 56
0082_0009_0032_0061_0061.jpg 1 9 32 61 61
0083_0028_0019_0065_0065.jpg 1 28 19 65 65
0084_0025_0012_0064_0064.jpg 1 25 12 64 64
0085_0015_0005_0047_0047.jpg 1 15 5 47 47
0086_0015_0013_0044_0044.jpg 1 15 13 44 44
0087_0024_0041_0053_0053.jpg 1 24 41 53 53
0088_0028_0016_0066_0066.jpg 1 28 16 66 66
0089_0033_0029_0057_0057.jpg 1 33 29 57 57
0090_0030_0037_0038_0038.jpg 1 30 37 38 38
0091_0018_0046_0031_0031.jpg 1 18 46 31 31
0092_0023_0004_0069_0069.jpg 1 23 4 69 69
0093_0003_0015_0069_0069.jpg 1 3 15 69 69
0094_0015_0030_0038_0038.jpg 1 15 30 38 38
0095_0013_0029_0050_0050.jpg 1 13 29 50 50
0096_0035_0030_0057_0057.jpg 1 35 30 57 57
0097_0023_0033_0024_0024.jpg 1 23 33 24 24
0098_0008_0007_0049_0049.jpg 1 8 7 49 49
0099_0020_0015_0050_0050.jpg 1 20 15 50 50
0100_0019_0018_0062_0062.jpg 1 19 18 62 62
0101_0034_0013_0030_0030.jpg 1 34 13 30 30
0102_0048_0041_0025_0025.jpg 1 48 41 25 25
0103_0013_0028_0061_0061.jpg 1 13 28 61 61
0104_0018_0009_0060_0060.jpg 1 18 9 60 60
0105_0009_0028_0066_0066.jpg 1 9 28 66 66
0106_0029_0012_0062_0062.jpg 1 29 12 62 62
0107_0015_0031_0029_0029.jpg 1 15 31 29 29
0108_0032_0029_0037_0037.jpg 1 32 29 37 37
0109_0060_0060_0024_0024.jpg 1 60 60 24 24
0110_0026_0005_0069_0069.jpg 1 26 5 69 69
0111_0037_0027_0056_0056.jpg 1 37 27 56 56
0112_0045_0060_0031_0031.jpg 1 45 60 31 31
0113_0051_0051_0036_0036.jpg 1 51 51 36 36
0114_0031_0042_0051_0051.jpg 1 31 42 51 51
0115_0026_0026_0067_0067.jpg 1 26 26 67 67
0116_0006_0008_0040_0040.jpg 1 6 8 40 40
0117_0035_0022_0051_0051.jpg 1 35 22 51 51
0118_0033_0005_0062_0062.jpg 1 33 5 62 62
0119_0016_0042_0041_0041.jpg 1 16 42 41 41
0120_0060_0060_0024_0024.jpg 1 60 60 24 24
0121_0044_0031_0030_0030.jpg 1 44 31 30 30
0122_0019_0009_0042_0042.jpg 1 19 9 42 42
0123_0008_0029_0025_0025.jpg 1 8 29 25 25
0124_0045_0065_0025_0025.jpg 1 45 65 25 25
0125_0021_0039_0050_0050.jpg 1 21 39 50 50
0126_0025_0005_0060_0060.jpg 1 25 5 60 60
0127_0023_0022_0065_0065.jpg 1 23 22 65 65
0128_0008_0029_0061_0061.jpg 1 8 29 61 61
0129_0036_0029_0044_0044.jpg 1 36 29 44 44
0130_0035_0048_0037_0037.jpg 1 35 48 37 37
0131_0030_0025_0064_0064.jpg 1 30 25 64 64
0132_0020_0056_0030_0030.jpg 1 20 56 30 30
0133_0024_0044_0028_0028.jpg 1 24 44 28 28
0134_0029_0031_0057_0057.jpg 1 29 31 57 57
0135_0042_0031_0052_0052.jpg 1 42 31 52 52
0136_0023_0010_0051_0051.jpg 1 23 10 51 51
0137_0037_0027_0031_0031.jpg 1 37 27 31 31
0138_0022_0015_0031_0031.jpg 1 22 15 31 31
0139_0021_0012_0067_0067.jpg 1 21 12 67 67
0140_0022_0006_0066_0066.jpg 1 22 6 66 66
0141_0040_0029_0026_0026.jpg 1 40 29 26 26
0142_0021_0025_0050_0050.jpg 1 21 25 50 50
0143_0035_0014_0024_0024.jpg 1 35 14 24 24
0144_0023_0024_0058_0058.jpg 1 23 24 58 58
0145_0034_0016_0043_0043.jpg 1 34 16 43 43
0146_0062_0050_0027_0027.jpg 1 62 50 27 27
0147_0042_0040_0045_0045.jpg 1 42 40 45 45
0148_0012_0021_0045_0045.jpg 1 12 21 45 45
0149_0008_0027_0054_0054.jpg 1 8 27 54 54
0150_0042_0024_0039_0039.jpg 1 42 24 39 39
0151_0046_0046_0030_0030.jpg 1 46 46 30 30
0152_0013_0061_0027_0027.jpg 1 13 61 27 27
0153_0014_0031_0051_0051.jpg 1 14 31 51 51
0154_0035_0042_0036_0036.jpg 1 35 42 36 36
0155_0035_0048_0042_0042.jpg 1 35 48 42 42
0156_0030_0017_0040_0040.jpg 1 30 17 40 40
0157_0009_0040_0047_0047.jpg 1 9 40 47 47
0158_0014_0023_0067_0067.jpg 1 14 23 67 67
0159_0004_0014_0067_0067.jpg 1 4 14 67 67
0160_0009_0043_0034_0034.jpg 1 9 43 34 34
0161_0006_0027_0048_0048.jpg 1 6 27 48 48
0162_0018_0024_0055_0055.jpg 1 18 24 55 55
0163_0009_0036_0057_0057.jpg 1 9 36 57 57
0164_0022_0012_0062_0062.jpg 1 22 12 62 62
0165_0005_0022_0064_0064.jpg 1 5 22 64 64
0166_0011_0024_0062_0062.jpg 1 11 24 62 62
0167_0056_0009_0032_0032.jpg 1 56 9 32 32
0168_0023_0035_0047_0047.jpg 1 23 35 47 47
0169_0012_0013_0042_0042.jpg 1 12 13 42 42
0170_0024_0034_0057_0057.jpg 1 24 34 57 57
0171_0005_0008_0053_0053.jpg 1 5 8 53 53
0172_0038_0033_0044_0044.jpg 1 38 33 44 44
0173_0032_0019_0034_0034.jpg 1 32 19 34 34
0174_0048_0049_0041_0041.jpg 1 48 49 41 41
0175_0005_0021_0057_0057.jpg 1 5 21 57 57
0176_0017_0006_0055_0055.jpg 1 17 6 55 55
0177_0005_0024_0066_0066.jpg 1 5 24 66 66
0178_0039_0035_0048_0048.jpg 1 39 35 48 48
0179_0006_0027_0067_0067.jpg 1 6 27 67 67
0180_0015_0038_0034_0034.jpg 1 15 38 34 34
0181_0021_0006_0048_0048.jpg 1 21 6 48 48
0182_0044_0038_0028_0028.jpg 1 44 38 28 28
0183_0017_0017_0049_0049.jpg 1 17 17 49 49
0184_0058_0013_0028_0028.jpg 1 58 13 28 28
0185_0045_0056_0035_0035.jpg 1 45 56 35 35
0186_0012_0006_0066_0066.jpg 1 12 6 66 66
0187_0013_0012_0058_0058.jpg 1 13 12 58 58
0188_0015_0023_0055_0055.jpg 1 15 23 55 55
0189_0045_0008_0044_0044.jpg 1 45 8 44 44
0190_0015_0010_0031_0031.jpg 1 15 10 31 31
0191_0018_0030_0061_0061.jpg 1 18 30 61 61
0192_0011_0048_0035_0035.jpg 1 11 48 35 35
0193_0061_0035_0026_0026.jpg 1 61 35 26 26
0194_0010_0008_0026_0026.jpg 1 10 8 26 26
0195_0046_0030_0039_0039.jpg 1 46 30 39 39
0196_0008_0020_0062_0062.jpg 1 8 20 62 62
0197_0018_0035_0029_0029.jpg 1 18 35 29 29
0198_0024_0026_0062_0062.jpg 1 24 26 62 62
0199_0008_0062_0030_0030.jpg 1 8 62 30 30
0200_0056_0042_0035_0035.jpg 1 56 42 35 35
0201_0039_0028_0046_0046.jpg 1 39 28 46 46
0202_0035_0020_0024_0024.jpg 1 35 20 24 24
0203_0031_0020_0051_0051.jpg 1 31 20 51 51
0204_0010_0015_0037_0037.jpg 1 10 15 37 37
0205_0016_0032_0026_0026.jpg 1 16 32 26 26
0206_0013_0038_0047_0047.jpg 1 13 38 47 47
0207_0023_0061_0027_0027.jpg 1 23 61 27 27
0208_0024_0013_0064_0064.jpg 1 24 13 64 64
0209_0038_0010_0025_0025.jpg 1 38 10 25 25
0210_0015_0041_0044_0044.jpg 1 15 41 44 44
0211_0041_0024_0036_0036.jpg 1 41 24 36 36
0212_0015_0023_0027_0027.jpg 1 15 23 27 27
0213_0027_0042_0051_0051.jpg 1 27 42 51 51
0214_0019_0019_0059_0059.jpg 1 19 19 59 59
0215_0027_0031_0048_0048.jpg 1 27 31 48 48
0216_0008_0057_0026_0026.jpg 1 8 57 26 26
0217_0021_0024_0063_0063.jpg 1 21 24 63 63
0218_0012_0040_0027_0027.jpg 1 12 40 27 27
0219_0031_0006_0064_0064.jpg 1 31 6 64 64
0220_0047_0022_0041_0041.jpg 1 47 22 41 41
0221_0012_0012_0063_0063.jpg 1 12 12 63 63
0222_0022_0006_0045_0045.jpg 1 22 6 45 45
0223_0041_0007_0037_0037.jpg 1 41 7 37 37
0224_0047_0028_0036_0036.jpg 1 47 28 36 36
0225_0030_0024_0065_0065.jpg 1 30 24 65 65
0226_0034_0014_0046_0046.jpg 1 34 14 46 46
0227_0030_0027_0049_0049.jpg 1 30 27 49 49
0228_0042_0025_0051_0051.jpg 1 42 25 51 51
0229_0058_0049_0035_0035.jpg 1 58 49 35 35
0230_0010_0032_0032_0032.jpg 1 10 32 32 32
0231_0009_0034_0036_0036.jpg 1 9 34 36 36
0232_0047_0018_0040_0040.jpg 1 47 18 40 40
0233_0043_0043_0032_0032.jpg 1 43 43 32 32
0234_0013_0005_0068_0068.jpg 1 13 5 68 68
0235_0008_0008_0057_0057.jpg 1 8 8 57 57
0236_0050_0026_0032_0032.jpg 1 50 26 32 32
0237_0051_0014_0038_0038.jpg 1 51 14 38 38
0238_0021_0031_0057_0057.jpg 1 21 31 57 57
0239_0035_0017_0042_0042.jpg 1 35 17 42 42
0240_0042_0028_0027_0027.jpg 1 42 28 27 27
0241_0005_0010_0055_0055.jpg 1 5 10 55 55
0242_0011_0026_0064_0064.jpg 1 11 26 64 64
0243_0005_0011_0067_0067.jpg 1 5 11 67 67
0244_0020_0005_0067_0067.jpg 1 20 5 67 67
0245_0018_0021_0030_0030.jpg 1 18 21 30 30
0246_0005_0016_0062_0062.jpg 1 5 16 62 62
0247_0042_0060_0032_0032.jpg 1 42 60 32 32
0248_0025_0029_0043_0043.jpg 1 25 29 43 43
0249_0017_0025_0051_0051.jpg 1 17 25 51 51
0250_0026_0053_0039_0039.jpg 1 26 53 39 39
0251_0036_0047_0038_0038.jpg 1 36 47 38 38
0252_0008_0026_0067_0067.jpg 1 8 26 67 67
0253_0011_0034_0051_0051.jpg 1 11 34 51 51
0254_0019_0016_0061_0061.jpg 1 19 16 61 61
0255_0039_0030_0056_0056.jpg 1 39 30 56 56
0256_0017_0018_0062_0062.jpg 1 17 18 62 62
0257_0006_0028_0062_0062.jpg 1 6 28 62 62
0258_0010_0018_0045_0045.jpg 1 10 18 45 45
0259_0010_0031_0060_0060.jpg 1 10 31 60 60
0260_0032_0031_0029_0029.jpg 1 32 31 29 29
0261_0033_0036_0046_0046.jpg 1 33 36 46 46
0262_0003_0008_0069_0069.jpg 1 3 8 69 69
0263_0008_0023_0051_0051.jpg 1 8 23 51 51
0264_0004_0017_0065_0065.jpg 1 4 17 65 65
0265_0018_0054_0032_0032.jpg 1 18 54 32 32
0266_0027_0064_0026_0026.jpg 1 27 64 26 26
0267_0008_0032_0054_0054.jpg 1 8 32 54 54
0268_0016_0015_0038_0038.jpg 1 16 15 38 38
0269_0016_0015_0026_0026.jpg 1 16 15 26 26
0270_0017_0007_0050_0050.jpg 1 17 7 50 50
0271_0016_0032_0064_0064.jpg 1 16 32 64 64
0272_0046_0031_0024_0024.jpg 1 46 31 24 24
0273_0046_0041_0048_0048.jpg 1 46 41 48 48
0274_0032_0049_0029_0029.jpg 1 32 49 29 29
0275_0052_0029_0033_0033.jpg 1 52 29 33 33
0276_0041_0009_0042_0042.jpg 1 41 9 42 42
0277_0031_0033_0041_0041.jpg 1 31 33 41 41
0278_0045_0049_0039_0039.jpg 1 45 49 39 39
0279_0046_0015_0028_0028.jpg 1 46 15 28 28
0280_0014_0019_0065_0065.jpg 1 14 19 65 65
0281_0020_0016_0047_0047.jpg 1 20 16 47 47
0282_0014_0010_0049_0049.jpg 1 14 10 49 49
0283_0048_0043_0041_0041.jpg 1 48 43 41 41
0284_0017_0029_0030_0030.jpg 1 17 29 30 30
0285_0010_0030_0043_0043.jpg 1 10 30 43 43
0286_0014_0038_0032_0032.jpg 1 14 38 32 32
0287_0041_0009_0050_0050.jpg 1 41 9 50 50
0288_0025_0024_0064_0064.jpg 1 25 24 64 64
0289_0017_0009_0055_0055.jpg 1 17 9 55 55
0290_0017_0010_0048_0048.jpg 1 17 10 48 48
0291_0009_0011_0050_0050.jpg 1 9 11 50 50
0292_0016_0036_0046_0046.jpg 1 16 36 46 46
0293_0044_0040_0051_0051.jpg 1 44 40 51 51
0294_0046_0031_0039_0039.jpg 1 46 31 39 39
0295_0065_0021_0026_0026.jpg 1 65 21 26 26
0296_0048_0025_0036_0036.jpg 1 48 25 36 36
0297_0026_0024_0042_0042.jpg 1 26 24 42 42
0298_0032_0053_0038_0038.jpg 1 32 53 38 38
0299_0037_0020_0027_0027.jpg 1 37 20 27 27
0300_0058_0053_0030_0030.jpg 1 58 53 30 30
0301_0017_0030_0054_0054.jpg 1 17 30 54 54
0302_0033_0019_0035_0035.jpg 1 33 19 35 35
0303_0015_0047_0025_0025.jpg 1 15 47 25 25
0304_0026_0017_0050_0050.jpg 1 26 17 50 50
0305_0012_0025_0049_0049.jpg 1 12 25 49 49
0306_0033_0051_0032_0032.jpg 1 33 51 32 32
0307_0050_0022_0031_0031.jpg 1 50 22 31 31
0308_0018_0010_0051_0051.jpg 1 18 10 51 51
0309_0018_0034_0052_0052.jpg 1 18 34 52 52
0310_0005_0006_0063_0063.jpg 1 5 6 63 63
0311_0005_0032_0062_0062.jpg 1 5 32 62 62
0312_0029_0012_0067_0067.jpg 1 29 12 67 67
0313_0029_0048_0036_0036.jpg 1 29 48 36 36
0314_0004_0010_0069_0069.jpg 1 4 10 69 69
0315_0013_0009_0064_0064.jpg 1 13 9 64 64
0316_0026_0046_0038_0038.jpg 1 26 46 38 38
0317_0042_0022_0024_0024.jpg 1 42 22 24 24
0318_0051_0045_0041_0041.jpg 1 51 45 41 41
0319_0046_0014_0047_0047.jpg 1 46 14 47 47
0320_0010_0033_0060_0060.jpg 1 10 33 60 60
0321_0011_0018_0055_0055.jpg 1 11 18 55 55
0322_0022_0039_0051_0051.jpg 1 22 39 51 51
0323_0034_0034_0048_0048.jpg 1 34 34 48 48
0324_0039_0013_0028_0028.jpg 1 39 13 28 28
0325_0013_0031_0058_0058.jpg 1 13 31 58 58
0326_0011_0021_0055_0055.jpg 1 11 21 55 55
0327_0023_0010_0049_0049.jpg 1 23 10 49 49
0328_0024_0007_0044_0044.jpg 1 24 7 44 44
0329_0008_0028_0068_0068.jpg 1 8 28 68 68
0330_0039_0017_0052_0052.jpg 1 39 17 52 52
0331_0031_0025_0059_0059.jpg 1 31 25 59 59
0332_0048_0049_0033_0033.jpg 1 48 49 33 33
0333_0028_0006_0062_0062.jpg 1 28 6 62 62
0334_0008_0009_0064_0064.jpg 1 8 9 64 64
0335_0019_0026_0060_0060.jpg 1 19 26 60 60
0336_0024_0038_0034_0034.jpg 1 24 38 34 34
0337_0006_0011_0063_0063.jpg 1 6 11 63 63
0338_0033_0061_0032_0032.jpg 1 33 61 32 32
0339_0013_0026_0038_0038.jpg 1 13 26 38 38
0340_0026_0008_0033_0033.jpg 1 26 8 33 33
0341_0021_0022_0056_0056.jpg 1 21 22 56 56
0342_0010_0036_0032_0032.jpg 1 10 36 32 32
0343_0018_0019_0059_0059.jpg 1 18 19 59 59
0344_0009_0042_0037_0037.jpg 1 9 42 37 37
0345_0006_0009_0059_0059.jpg 1 6 9 59 59
0346_0011_0051_0035_0035.jpg 1 11 51 35 35
0347_0018_0018_0046_0046.jpg 1 18 18 46 46
0348_0029_0038_0048_0048.jpg 1 29 38 48 48
0349_0019_0041_0043_0043.jpg 1 19 41 43 43
0350_0056_0064_0027_0027.jpg 1 56 64 27 27
0351_0040_0010_0033_0033.jpg 1 40 10 33 33
0352_0040_0039_0039_0039.jpg 1 40 39 39 39
0353_0029_0035_0056_0056.jpg 1 29 35 56 56
0354_0009_0022_0043_0043.jpg 1 9 22 43 43
0355_0010_0032_0047_0047.jpg 1 10 32 47 47
0356_0013_0004_0061_0061.jpg 1 13 4 61 61
0357_0012_0042_0049_0049.jpg 1 12 42 49 49
0358_0030_0036_0055_0055.jpg 1 30 36 55 55
0359_0046_0012_0028_0028.jpg 1 46 12 28 28
0360_0016_0027_0068_0068.jpg 1 16 27 68 68
0361_0048_0040_0038_0038.jpg 1 48 40 38 38
0362_0059_0037_0033_0033.jpg 1 59 37 33 33
0363_0048_0063_0027_0027.jpg 1 48 63 27 27
0364_0009_0010_0048_0048.jpg 1 9 10 48 48
0365_0037_0041_0027_0027.jpg 1 37 41 27 27
0366_0052_0018_0030_0030.jpg 1 52 18 30 30
0367_0057_0013_0034_0034.jpg 1 57 13 34 34
0368_0027_0032_0057_0057.jpg 1 27 32 57 57
0369_0021_0011_0068_0068.jpg 1 21 11 68 68
0370_0029_0009_0065_0065.jpg 1 29 9 65 65
0371_0033_0057_0030_0030.jpg 1 33 57 30 30
0372_0009_0027_0067_0067.jpg 1 9 27 67 67
0373_0032_0008_0035_0035.jpg 1 32 8 35 35
0374_0036_0034_0058_0058.jpg 1 36 34 58 58
0375_0040_0035_0050_0050.jpg 1 40 35 50 50
0376_0013_0020_0065_0065.jpg 1 13 20 65 65
0377_0045_0021_0031_0031.jpg 1 45 21 31 31
0378_0022_0035_0044_0044.jpg 1 22 35 44 44
0379_0031_0038_0033_0033.jpg 1 31 38 33 33
0380_0028_0011_0054_0054.jpg 1 28 11 54 54
0381_0039_0036_0045_0045.jpg 1 39 36 45 45
0382_0023_0014_0065_0065.jpg 1 23 14 65 65
0383_0016_0018_0062_0062.jpg 1 16 18 62 62
0384_0040_0020_0030_0030.jpg 1 40 20 30 30
0385_0007_0025_0062_0062.jpg 1 7 25 62 62
0386_0010_0004_0054_0054.jpg 1 10 4 54 54
0387_0038_0037_0056_0056.jpg 1 38 37 56 56
0388_0014_0028_0058_0058.jpg 1 14 28 58 58
0389_0051_0009_0040_0040.jpg 1 51 9 40 40
0390_0026_0024_0047_0047.jpg 1 26 24 47 47
0391_0018_0026_0048_0048.jpg 1 18 26 48 48
0392_0028_0018_0050_0050.jpg 1 28 18 50 50
0393_0022_0020_0030_0030.jpg 1 22 20 30 30
0394_0030_0012_0024_0024.jpg 1 30 12 24 24
0395_0011_0018_0053_0053.jpg 1 11 18 53 53
0396_0039_0026_0048_0048.jpg 1 39 26 48 48
0397_0038_0009_0055_0055.jpg 1 38 9 55 55
0398_0020_0063_0027_0027.jpg 1 20 63 27 27
0399_0022_0008_0065_0065.jpg 1 22 8 65 65
0400_0014_0015_0068_0068.jpg 1 14 15 68 68
0401_0044_0020_0037_0037.jpg 1 44 20 37 37
0402_0033_0028_0028_0028.jpg 1 33 28 28 28
0403_0033_0005_0062_0062.jpg 1 33 5 62 62
0404_0042_0059_0024_0024.jpg 1 42 59 24 24
0405_0018_0025_0049_0049.jpg 1 18 25 49 49
0406_0015_0007_0057_0057.jpg 1 15 7 57 57
0407_0020_0026_0064_0064.jpg 1 20 26 64 64
0408_0015_0013_0065_0065.jpg 1 15 13 65 65
0409_0045_0038_0030_0030.jpg 1 45 38 30 30
0410_0009_0021_0065_0065.jpg 1 9 21 65 65
0411_0007_0031_0060_0060.jpg 1 7 31 60 60
0412_0035_0031_0038_0038.jpg 1 35 31 38 38
0413_0044_0038_0032_0032.jpg 1 44 38 32 32
0414_0015_0019_0069_0069.jpg 1 15 19 69 69
0415_0014_0006_0048_0048.jpg 1 14 6 48 48
0416_0006_0016_0054_0054.jpg 1 6 16 54 54
0417_0019_0036_0057_0057.jpg 1 19 36 57 57
0418_0058_0037_0025_0025.jpg 1 58 37 25 25
0419_0012_0013_0061_0061.jpg 1 12 13 61 61
0420_0026_0023_0039_0039.jpg 1 26 23 39 39
0421_0027_0009_0069_0069.jpg 1 27 9 69 69
0422_0019_0033_0049_0049.jpg 1 19 33 49 49
0423_0029_0050_0031_0031.jpg 1 29 50 31 31
0424_0030_0042_0051_0051.jpg 1 30 42 51 51
0425_0056_0057_0035_0035.jpg 1 56 57 35 35
0426_0030_0031_0030_0030.jpg 1 30 31 30 30
0427_0024_0032_0024_0024.jpg 1 24 32 24 24
0428_0031_0016_0059_0059.jpg 1 31 16 59 59
0429_0017_0013_0060_0060.jpg 1 17 13 60 60
0430_0006_0037_0050_0050.jpg 1 6 37 50 50
0431_0018_0018_0044_0044.jpg 1 18 18 44 44
0432_0019_0007_0046_0046.jpg 1 19 7 46 46
0433_0024_0015_0041_0041.jpg 1 24 15 41 41
0434_0032_0030_0042_0042.jpg 1 32 30 42 42
0435_0024_0009_0059_0059.jpg 1 24 9 59 59
0436_0016_0027_0027_0027.jpg 1 16 27 27 27
0437_0037_0012_0037_0037.jpg 1 37 12 37 37
0438_0034_0035_0056_0056.jpg 1 34 35 56 56
0439_0011_0005_0062_0062.jpg 1 11 5 62 62
0440_0030_0011_0058_0058.jpg 1 30 11 58 58
0441_0012_0003_0064_0064.jpg 1 12 3 64 64
0442_0017_0010_0069_0069.jpg 1 17 10 69 69
0443_0035_0030_0060_0060.jpg 1 35 30 60 60
0444_0053_0033_0036_0036.jpg 1 53 33 36 36
0445_0051_0007_0035_0035.jpg 1 51 7 35 35
0446_0050_0010_0044_0044.jpg 1 50 10 44 44
0447_0020_0054_0038_0038.jpg 1 20 54 38 38
0448_0018_0008_0050_0050.jpg 1 18 8 50 50
0449_0029_0010_0063_0063.jpg 1 29 10 63 63
0450_0036_0035_0024_0024.jpg 1 36 35 24 24
0451_0008_0021_0047_0047.jpg 1 8 21 47 47
0452_0010_0009_0037_0037.jpg 1 10 9 37 37
0453_0008_0020_0069_0069.jpg 1 8 20 69 69
0454_0026_0041_0050_0050.jpg 1 26 41 50 50
0455_0035_0031_0058_0058.jpg 1 35 31 58 58
0456_0005_0022_0062_0062.jpg 1 5 22 62 62
0457_0051_0018_0035_0035.jpg 1 51 18 35 35
0458_0034_0010_0052_0052.jpg 1 34 10 52 52
0459_0017_0033_0036_0036.jpg 1 17 33 36 36
0460_0038_0008_0057_0057.jpg 1 38 8 57 57
0461_0019_0032_0050_0050.jpg 1 19 32 50 50
0462_0020_0029_0039_0039.jpg 1 20 29 39 39
0463_0028_0036_0042_0042.jpg 1 28 36 42 42
0464_0033_0033_0060_0060.jpg 1 33 33 60 60
0465_0024_0051_0034_0034.jpg 1 24 51 34 34
0466_0026_0040_0041_0041.jpg 1 26 40 41 41
0467_0018_0029_0041_0041.jpg 1 18 29 41 41
0468_0048_0010_0042_0042.jpg 1 48 10 42 42
0469_0020_0010_0038_0038.jpg 1 20 10 38 38
0470_0008_0040_0028_0028.jpg 1 8 40 28 28
0471_0010_0028_0068_0068.jpg 1 10 28 68 68
0472_0034_0020_0029_0029.jpg 1 34 20 29 29
0473_0016_0022_0066_0066.jpg 1 16 22 66 66
0474_0028_0012_0060_0060.jpg 1 28 12 60 60
0475_0015_0029_0046_0046.jpg 1 15 29 46 46
0476_0015_0008_0057_0057.jpg 1 15 8 57 57
0477_0018_0019_0048_0048.jpg 1 18 19 48 48
0478_0016_0008_0065_0065.jpg 1 16 8 65 65
0479_0043_0040_0036_0036.jpg 1 43 40 36 36
0480_0024_0015_0047_0047.jpg 1 24 15 47 47
0481_0047_0044_0040_0040.jpg 1 47 44 40 40
0482_0047_0031_0040_0040.jpg 1 47 31 40 40
0483_0033_0007_0050_0050.jpg 1 33 7 50 50
0484_0006_0010_0065_0065.jpg 1 6 10 65 65
0485_0040_0021_0044_0044.jpg 1 40 21 44 44
0486_0017_0047_0045_0045.jpg 1 17 47 45 45
0487_0015_0006_0060_0060.jpg 1 15 6 60 60
0488_0027_0017_0064_0064.jpg 1 27 17 64 64
0489_0055_0031_0034_0034.jpg 1 55 31 34 34
0490_0050_0009_0024_0024.jpg 1 50 9 24 24
0491_0010_0021_0062_0062.jpg 1 10 21 62 62
0492_0026_0029_0037_0037.jpg 1 26 29 37 37
0493_0016_0028_0030_0030.jpg 1 16 28 30 30
0494_0018_0021_0066_0066.jpg 1 18 21 66 66
0495_0044_0046_0033_0033.jpg 1 44 46 33 33
0496_0041_0014_0035_0035.jpg 1 41 14 35 35
0497_0030_0015_0035_0035.jpg 1 30 15 35 35
0498_0010_0007_0066_0066.jpg 1 10 7 66 66
0499_0018_0042_0024_0024.jpg 1 18 42 24 24
0500_0016_0020_0069_0069.jpg 1 16 20 69 69
0501_0021_0020_0036_0036.jpg 1 21 20 36 36
0502_0044_0028_0037_0037.jpg 1 44 28 37 37
0503_0028_0022_0039_0039.jpg 1 28 22 39 39
0504_0025_0021_0064_0064.jpg 1 25 21 64 64
0505_0019_0053_0034_0034.jpg 1 19 53 34 34
0506_0029_0017_0050_0050.jpg 1 29 17 50 50
0507_0030_0037_0033_0033.jpg 1 30 37 33 33
0508_0005_0017_0060_0060.jpg 1 5 17 60 60
0509_0013_0018_0051_0051.jpg 1 13 18 51 51
0510_0015_0020_0024_0024.jpg 1 15 20 24 24
0511_0054_0007_0039_0039.jpg 1 54 7 39 39
0512_0016_0022_0047_0047.jpg 1 16 22 47 47
0513_0019_0005_0063_0063.jpg 1 19 5 63 63
0514_0029_0015_0049_0049.jpg 1 29 15 49 49
0515_0018_0015_0048_0048.jpg 1 18 15 48 48
0516_0021_0026_0044_0044.jpg 1 21 26 44 44
0517_0015_0017_0062_0062.jpg 1 15 17 62 62
0518_0025_0034_0051_0051.jpg 1 25 34 51 51
0519_0038_0015_0035_0035.jpg 1 38 15 35 35
0520_0045_0012_0044_0044.jpg 1 45 12 44 44
0521_0015_0009_0059_0059.jpg 1 15 9 59 59
0522_0046_0049_0031_0031.jpg 1 46 49 31 31
0523_0049_0061_0030_0030.jpg 1 49 61 30 30
0524_0003_0024_0064_0064.jpg 1 3 24 64 64
0525_0023_0038_0057_0057.jpg 1 23 38 57 57
0526_0011_0029_0054_0054.jpg 1 11 29 54 54
0527_0011_0027_0062_0062.jpg 1 11 27 62 62
0528_0035_0007_0055_0055.jpg 1 35 7 55 55
0529_0036_0034_0053_0053.jpg 1 36 34 53 53
0530_0011_0026_0069_0069.jpg 1 11 26 69 69
0531_0008_0027_0043_0043.jpg 1 8 27 43 43
0532_0040_0055_0025_0025.jpg 1 40 55 25 25
0533_0054_0017_0031_0031.jpg 1 54 17 31 31
0534_0011_0011_0067_0067.jpg 1 11 11 67 67
0535_0022_0023_0060_0060.jpg 1 22 23 60 60
0536_0040_0025_0043_0043.jpg 1 40 25 43 43
0537_0029_0015_0050_0050.jpg 1 29 15 50 50
0538_0014_0027_0046_0046.jpg 1 14 27 46 46
0539_0028_0019_0046_0046.jpg 1 28 19 46 46
0540_0032_0013_0063_0063.jpg 1 32 13 63 63
0541_0039_0050_0034_0034.jpg 1 39 50 34 34
0542_0006_0006_0065_0065.jpg 1 6 6 65 65
0543_0031_0052_0038_0038.jpg 1 31 52 38 38
0544_0034_0008_0051_0051.jpg 1 34 8 51 51
0545_0023_0036_0037_0037.jpg 1 23 36 37 37
0546_0057_0016_0026_0026.jpg 1 57 16 26 26
0547_0017_0019_0060_0060.jpg 1 17 19 60 60
0548_0012_0007_0050_0050.jpg 1 12 7 50 50
0549_0009_0006_0062_0062.jpg 1 9 6 62 62
0550_0039_0029_0045_0045.jpg 1 39 29 45 45
0551_0022_0008_0059_0059.jpg 1 22 8 59 59
0552_0011_0004_0065_0065.jpg 1 11 4 65 65
0553_0014_0006_0042_0042.jpg 1 14 6 42 42
0554_0032_0004_0061_0061.jpg 1 32 4 61 61
0555_0006_0006_0052_0052.jpg 1 6 6 52 52
0556_0063_0057_0027_0027.jpg 1 63 57 27 27
0557_0027_0014_0045_0045.jpg 1 27 14 45 45
0558_0018_0061_0027_0027.jpg 1 18 61 27 27
0559_0041_0029_0026_0026.jpg 1 41 29 26 26
0560_0017_0050_0041_0041.jpg 1 17 50 41 41
0561_0020_0027_0065_0065.jpg 1 20 27 65 65
0562_0031_0015_0047_0047.jpg 1 31 15 47 47
0563_0016_0012_0064_0064.jpg 1 16 12 64 64
0564_0018_0027_0042_0042.jpg 1 18 27 42 42
0565_0015_0046_0031_0031.jpg 1 15 46 31 31
0566_0045_0053_0028_0028.jpg 1 45 53 28 28
0567_0051_0024_0036_0036.jpg 1 51 24 36 36
0568_0016_0019_0065_0065.jpg 1 16 19 65 65
0569_0047_0006_0047_0047.jpg 1 47 6 47 47
0570_0006_0028_0054_0054.jpg 1 6 28 54 54
0571_0007_0013_0038_0038.jpg 1 7 13 38 38
0572_0028_0049_0044_0044.jpg 1 28 49 44 44
0573_0037_0009_0054_0054.jpg 1 37 9 54 54
0574_0024_0014_0046_0046.jpg 1 24 14 46 46
0575_0030_0024_0025_0025.jpg 1 30 24 25 25
0576_0026_0021_0059_0059.jpg 1 26 21 59 59
0577_0043_0036_0043_0043.jpg 1 43 36 43 43
0578_0022_0049_0040_0040.jpg 1 22 49 40 40
0579_0046_0019_0038_0038.jpg 1 46 19 38 38
0580_0031_0014_0053_0053.jpg 1 31 14 53 53
0581_0022_0047_0046_0046.jpg 1 22 47 46 46
0582_0018_0011_0059_0059.jpg 1 18 11 59 59
0583_0033_0012_0038_0038.jpg 1 33 12 38 38
0584_0025_0026_0066_0066.jpg 1 25 26 66 66
0585_0052_0021_0026_0026.jpg 1 52 21 26 26
0586_0026_0037_0031_0031.jpg 1 26 37 31 31
0587_0038_0009_0056_0056.jpg 1 38 9 56 56
0588_0005_0030_0060_0060.jpg 1 5 30 60 60
0589_0008_0014_0067_0067.jpg 1 8 14 67 67
0590_0017_0037_0049_0049.jpg 1 17 37 49 49
0591_0013_0022_0065_0065.jpg 1 13 22 65 65
0592_0012_0004_0063_0063.jpg 1 12 4 63 63
0593_0056_0010_0031_0031.jpg 1 56 10 31 31
0594_0058_0042_0033_0033.jpg 1 58 42 33 33
0595_0010_0030_0064_0064.jpg 1 10 30 64 64
0596_0036_0017_0045_0045.jpg 1 36 17 45 45
0597_0040_0057_0032_0032.jpg 1 40 57 32 32
0598_0033_0024_0045_0045.jpg 1 33 24 45 45
0599_0009_0020_0069_0069.jpg 1 9 20 69 69
0600_0057_0016_0032_0032.jpg 1 57 16 32 32
0601_0049_0035_0025_0025.jpg 1 49 35 25 25
0602_0035_0052_0027_0027.jpg 1 35 52 27 27
0603_0037_0036_0043_0043.jpg 1 37 36 43 43
0604_0036_0031_0039_0039.jpg 1 36 31 39 39
0605_0027_0011_0069_0069.jpg 1 27 11 69 69
0606_0030_0015_0062_0062.jpg 1 30 15 62 62
0607_0032_0037_0032_0032.jpg 1 32 37 32 32
0608_0023_0029_0060_0060.jpg 1 23 29 60 60
0609_0022_0033_0037_0037.jpg 1 22 33 37 37
0610_0011_0019_0043_0043.jpg 1 11 19 43 43
0611_0013_0013_0053_0053.jpg 1 13 13 53 53
0612_0035_0016_0036_0036.jpg 1 35 16 36 36
0613_0007_0061_0029_0029.jpg 1 7 61 29 29
0614_0044_0007_0045_0045.jpg 1 44 7 45 45
0615_0023_0041_0037_0037.jpg 1 23 41 37 37
0616_0037_0017_0024_0024.jpg 1 37 17 24 24
0617_0043_0011_0039_0039.jpg 1 43 11 39 39
0618_0040_0023_0038_0038.jpg 1 40 23 38 38
0619_0021_0022_0049_0049.jpg 1 21 22 49 49
0620_0011_0047_0033_0033.jpg 1 11 47 33 33
0621_0029_0021_0036_0036.jpg 1 29 21 36 36
0622_0039_0039_0048_0048.jpg 1 39 39 48 48
0623_0008_0059_0034_0034.jpg 1 8 59 34 34
0624_0030_0007_0058_0058.jpg 1 30 7 58 58
0625_0006_0029_0053_0053.jpg 1 6 29 53 53
0626_0034_0007_0043_0043.jpg 1 34 7 43 43
0627_0015_0005_0054_0054.jpg 1 15 5 54 54
0628_0037_0046_0042_0042.jpg 1 37 46 42 42
0629_0047_0053_0040_0040.jpg 1 47 53 40 40
0630_0005_0021_0049_0049.jpg 1 5 21 49 49
0631_0008_0027_0066_0066.jpg 1 8 27 66 66
0632_0026_0041_0034_0034.jpg 1 26 41 34 34
0633_0035_0031_0053_0053.jpg 1 35 31 53 53
0634_0009_0035_0053_0053.jpg 1 9 35 53 53
0635_0035_0017_0042_0042.jpg 1 35 17 42 42
0636_0027_0004_0057_0057.jpg 1 27 4 57 57
0637_0031_0027_0060_0060.jpg 1 31 27 60 60
0638_0012_0015_0051_0051.jpg 1 12 15 51 51
0639_0028_0035_0053_0053.jpg 1 28 35 53 53
0640_0032_0032_0024_0024.jpg 1 32 32 24 24
0641_0025_0024_0040_0040.jpg 1 25 24 40 40
0642_0032_0020_0060_0060.jpg 1 32 20 60 60
0643_0007_0010_0066_0066.jpg 1 7 10 66 66
0644_0026_0043_0050_0050.jpg 1 26 43 50 50
0645_0033_0020_0054_0054.jpg 1 33 20 54 54
0646_0043_0024_0050_0050.jpg 1 43 24 50 50
0647_0038_0045_0031_0031.jpg 1 38 45 31 31
0648_0058_0034_0034_0034.jpg 1 58 34 34 34
0649_0052_0007_0039_0039.jpg 1 52 7 39 39
0650_0014_0017_0035_0035.jpg 1 14 17 35 35
0651_0023_0015_0055_0055.jpg 1 23 15 55 55
0652_0015_0063_0027_0027.jpg 1 15 63 27 27
0653_0027_0022_0052_0052.jpg 1 27 22 52 52
0654_0026_0027_0026_0026.jpg 1 26 27 26 26
0655_0014_0026_0058_0058.jpg 1 14 26 58 58
0656_0016_0022_0066_0066.jpg 1 16 22 66 66
0657_0011_0055_0028_0028.jpg 1 11 55 28 28
0658_0037_0029_0026_0026.jpg 1 37 29 26 26
0659_0007_0010_0068_0068.jpg 1 7 10 68 68
0660_0042_0052_0029_0029.jpg 1 42 52 29 29
0661_0023_0037_0040_0040.jpg 1 23 37 40 40
0662_0036_0019_0057_0057.jpg 1 36 19 57 57
0663_0007_0026_0035_0035.jpg 1 7 26 35 35
0664_0007_0007_0066_0066.jpg 1 7 7 66 66
0665_0030_0049_0044_0044.jpg 1 30 49 44 44
0666_0041_0038_0033_0033.jpg 1 41 38 33 33
0667_0034_0011_0041_0041.jpg 1 34 11 41 41
0668_0035_0023_0041_0041.jpg 1 35 23 41 41
0669_0012_0011_0031_0031.jpg 1 12 11 31 31
0670_0005_0038_0049_0049.jpg 1 5 38 49 49
0671_0021_0015_0060_0060.jpg 1 21 15 60 60
0672_0009_0048_0043_0043.jpg 1 9 48 43 43
0673_0035_0011_0033_0033.jpg 1 35 11 33 33
0674_0014_0042_0052_0052.jpg 1 14 42 52 52
0675_0010_0043_0051_0051.jpg 1 10 43 51 51
0676_0020_0027_0068_0068.jpg 1 20 27 68 68
0677_0018_0018_0033_0033.jpg 1 18 18 33 33
0678_0045_0044_0027_0027.jpg 1 45 44 27 27
0679_0012_0048_0044_0044.jpg 1 12 48 44 44
0680_0030_0037_0052_0052.jpg 1 30 37 52 52
0681_0025_0019_0032_0032.jpg 1 25 19 32 32
0682_0005_0009_0047_0047.jpg 1 5 9 47 47
0683_0026_0028_0052_0052.jpg 1 26 28 52 52
0684_0033_0016_0050_0050.jpg 1 33 16 50 50
0685_0015_0018_0060_0060.jpg 1 15 18 60 60
0686_0055_0041_0033_0033.jpg 1 55 41 33 33
0687_0021_0033_0058_0058.jpg 1 21 33 58 58
0688_0011_0033_0041_0041.jpg 1 11 33 41 41
0689_0025_0022_0034_0034.jpg 1 25 22 34 34
0690_0011_0012_0040_0040.jpg 1 11 12 40 40
0691_0029_0018_0067_0067.jpg 1 29 18 67 67
0692_0035_0038_0037_0037.jpg 1 35 38 37 37
0693_0034_0033_0059_0059.jpg 1 34 33 59 59
0694_0043_0036_0025_0025.jpg 1 43 36 25 25
0695_0026_0004_0069_0069.jpg 1 26 4 69 69
0696_0009_0036_0048_0048.jpg 1 9 36 48 48
0697_0043_0063_0028_0028.jpg 1 43 63 28 28
0698_0024_0024_0060_0060.jpg 1 24 24 60 60
0699_0044_0006_0045_0045.jpg 1 44 6 45 45
0700_0026_0047_0040_0040.jpg 1 26 47 40 40
0701_0004_0022_0060_0060.jpg 1 4 22 60 60
0702_0029_0065_0024_0024.jpg 1 29 65 24 24
0703_0037_0018_0033_0033.jpg 1 37 18 33 33
0704_0029_0027_0042_0042.jpg 1 29 27 42 42
0705_0047_0034_0044_0044.jpg 1 47 34 44 44
0706_0025_0015_0028_0028.jpg 1 25 15 28 28
0707_0007_0019_0069_0069.jpg 1 7 19 69 69
0708_0024_0006_0069_0069.jpg 1 24 6 69 69
0709_0010_0003_0067_0067.jpg 1 10 3 67 67
0710_0029_0029_0065_0065.jpg 1 29 29 65 65
0711_0007_0040_0050_0050.jpg 1 7 40 50 50
0712_0042_0049_0040_0040.jpg 1 42 49 40 40
0713_0029_0016_0043_0043.jpg 1 29 16 43 43
0714_0035_0025_0024_0024.jpg 1 35 25 24 24
0715_0011_0033_0062_0062.jpg 1 11 33 62 62
0716_0022_0005_0051_0051.jpg 1 22 5 51 51
0717_0007_0006_0069_0069.jpg 1 7 6 69 69
0718_0021_0060_0031_0031.jpg 1 21 60 31 31
0719_0011_0033_0042_0042.jpg 1 11 33 42 42
0720_0022_0016_0061_0061.jpg 1 22 16 61 61
0721_0031_0015_0026_0026.jpg 1 31 15 26 26
0722_0025_0008_0069_0069.jpg 1 25 8 69 69
0723_0011_0017_0067_0067.jpg 1 11 17 67 67
0724_0064_0031_0028_0028.jpg 1 64 31 28 28
0725_0027_0004_0054_0054.jpg 1 27 4 54 54
0726_0030_0061_0030_0030.jpg 1 30 61 30 30
0727_0012_0014_0044_0044.jpg 1 12 14 44 44
0728_0009_0034_0058_0058.jpg 1 9 34 58 58
0729_0029_0034_0045_0045.jpg 1 29 34 45 45
0730_0046_0037_0043_0043.jpg 1 46 37 43 43
0731_0010_0006_0039_0039.jpg 1 10 6 39 39
0732_0014_0030_0065_0065.jpg 1 14 30 65 65
0733_0009_0037_0024_0024.jpg 1 9 37 24 24
0734_0016_0049_0038_0038.jpg 1 16 49 38 38
0735_0040_0011_0054_0054.jpg 1 40 11 54 54
0736_0024_0017_0046_0046.jpg 1 24 17 46 46
0737_0042_0008_0047_0047.jpg 1 42 8 47 47
0738_0050_0022_0032_0032.jpg 1 50 22 32 32
0739_0021_0020_0066_0066.jpg 1 21 20 66 66
0740_0011_0030_0053_0053.jpg 1 11 30 53 53
0741_0044_0027_0032_0032.jpg 1 44 27 32 32
0742_0006_0022_0061_0061.jpg 1 6 22 61 61
0743_0020_0020_0053_0053.jpg 1 20 20 53 53
0744_0005_0024_0054_0054.jpg 1 5 24 54 54
0745_0056_0012_0028_0028.jpg 1 56 12 28 28
0746_0010_0051_0043_0043.jpg 1 10 51 43 43
0747_0005_0029_0063_0063.jpg 1 5 29 63 63
0748_0024_0049_0032_0032.jpg 1 24 49 32 32
0749_0017_0010_0057_0057.jpg 1 17 10 57 57
0750_0004_0003_0069_0069.jpg 1 4 3 69 69
0751_0023_0022_0040_0040.jpg 1 23 22 40 40
0752_0025_0045_0046_0046.jpg 1 25 45 46 46
0753_0015_0015_0069_0069.jpg 1 15 15 69 69
0754_0011_0007_0032_0032.jpg 1 11 7 32 32
0755_0011_0033_0031_0031.jpg 1 11 33 31 31
0756_0031_0038_0041_0041.jpg 1 31 38 41 41
0757_0039_0017_0046_0046.jpg 1 39 17 46 46
0758_0044_0007_0026_0026.jpg 1 44 7 26 26
0759_0007_0021_0036_0036.jpg 1 7 21 36 36
0760_0048_0047_0029_0029.jpg 1 48 47 29 29
0761_0018_0027_0067_0067.jpg 1 18 27 67 67
0762_0015_0014_0066_0066.jpg 1 15 14 66 66
0763_0019_0007_0060_0060.jpg 1 19 7 60 60
0764_0035_0016_0047_0047.jpg 1 35 16 47 47
0765_0022_0037_0038_0038.jpg 1 22 37 38 38
0766_0059_0014_0026_0026.jpg 1 59 14 26 26
0767_0005_0014_0059_0059.jpg 1 5 14 59 59
0768_0006_0028_0067_0067.jpg 1 6 28 67 67
0769_0040_0031_0028_0028.jpg 1 40 31 28 28
0770_0014_0021_0036_0036.jpg 1 14 21 36 36
0771_0024_0023_0048_0048.jpg 1 24 23 48 48
0772_0038_0035_0051_0051.jpg 1 38 35 51 51
0773_0012_0018_0059_0059.jpg 1 12 18 59 59
0774_0007_0034_0041_0041.jpg 1 7 34 41 41
0775_0019_0018_0052_0052.jpg 1 19 18 52 52
0776_0034_0012_0027_0027.jpg 1 34 12 27 27
0777_0060_0062_0028_0028.jpg 1 60 62 28 28
0778_0038_0023_0039_0039.jpg 1 38 23 39 39
0779_0050_0017_0024_0024.jpg 1 50 17 24 24
0780_0027_0046_0037_0037.jpg 1 27 46 37 37
0781_0039_0008_0046_0046.jpg 1 39 8 46 46
0782_0013_0019_0065_0065.jpg 1 13 19 65 65
0783_0031_0047_0044_0044.jpg 1 31 47 44 44
0784_0044_0024_0044_0044.jpg 1 44 24 44 44
0785_0025_0035_0039_0039.jpg 1 25 35 39 39
0786_0012_0003_0069_0069.jpg 1 12 3 69 69
0787_0034_0007_0048_0048.jpg 1 34 7 48 48
0788_0028_0029_0048_0048.jpg 1 28 29 48 48
0789_0011_0028_0050_0050.jpg 1 11 28 50 50
0790_0048_0020_0037_0037.jpg 1 48 20 37 37
0791_0004_0029_0061_0061.jpg 1 4 29 61 61
0792_0022_0034_0043_0043.jpg 1 22 34 43 43
0793_0058_0026_0030_0030.jpg 1 58 26 30 30
0794_0017_0006_0068_0068.jpg 1 17 6 68 68
0795_0007_0044_0038_0038.jpg 1 7 44 38 38
0796_0010_0040_0038_0038.jpg 1 10 40 38 38
0797_0012_0033_0026_0026.jpg 1 12 33 26 26
0798_0021_0027_0058_0058.jpg 1 21 27 58 58
0799_0037_0040_0037_0037.jpg 1 37 40 37 37
0800_0029_0024_0055_0055.jpg 1 29 24 55 55
0801_0004_0010_0069_0069.jpg 1 4 10 69 69
0802_0048_0023_0028_0028.jpg 1 48 23 28 28
0803_0016_0037_0053_0053.jpg 1 16 37 53 53
0804_0056_0057_0034_0034.jpg 1 56 57 34 34
0805_0038_0026_0056_0056.jpg 1 38 26 56 56
0806_0025_0038_0051_0051.jpg 1 25 38 51 51
0807_0040_0036_0046_0046.jpg 1 40 36 46 46
0808_0036_0006_0038_0038.jpg 1 36 6 38 38
0809_0026_0010_0047_0047.jpg 1 26 10 47 47
0810_0030_0021_0065_0065.jpg 1 30 21 65 65
0811_0029_0022_0052_0052.jpg 1 29 22 52 52
0812_0012_0043_0051_0051.jpg 1 12 43 51 51
0813_0011_0042_0031_0031.jpg 1 11 42 31 31
0814_0004_0032_0059_0059.jpg 1 4 32 59 59
0815_0032_0006_0060_0060.jpg 1 32 6 60 60
0816_0024_0016_0046_0046.jpg 1 24 16 46 46
0817_0025_0039_0037_0037.jpg 1 25 39 37 37
0818_0028_0038_0056_0056.jpg 1 28 38 56 56
0819_0021_0057_0029_0029.jpg 1 21 57 29 29
0820_0057_0023_0034_0034.jpg 1 57 23 34 34
0821_0019_0044_0041_0041.jpg 1 19 44 41 41
0822_0037_0016_0054_0054.jpg 1 37 16 54 54
0823_0037_0031_0053_0053.jpg 1 37 31 53 53
0824_0006_0022_0062_0062.jpg 1 6 22 62 62
0825_0046_0007_0030_0030.jpg 1 46 7 30 30
0826_0030_0013_0056_0056.jpg 1 30 13 56 56
0827_0033_0034_0048_0048.jpg 1 33 34 48 48
0828_0015_0012_0028_0028.jpg 1 15 12 28 28
0829_0022_0067_0025_0025.jpg 1 22 67 25 25
0830_0028_0043_0033_0033.jpg 1 28 43 33 33
0831_0025_0021_0058_0058.jpg 1 25 21 58 58
0832_0010_0042_0050_0050.jpg 1 10 42 50 50
0833_0033_0017_0052_0052.jpg 1 33 17 52 52
0834_0026_0015_0065_0065.jpg 1 26 15 65 65
0835_0021_0037_0055_0055.jpg 1 21 37 55 55
0836_0047_0011_0036_0036.jpg 1 47 11 36 36
0837_0022_0003_0068_0068.jpg 1 22 3 68 68
0838_0021_0008_0032_0032.jpg 1 21 8 32 32
0839_0006_0025_0048_0048.jpg 1 6 25 48 48
0840_0064_0017_0025_0025.jpg 1 64 17 25 25
0841_0045_0015_0039_0039.jpg 1 45 15 39 39
0842_0053_0028_0038_0038.jpg 1 53 28 38 38
0843_0016_0009_0053_0053.jpg 1 16 9 53 53
0844_0030_0026_0056_0056.jpg 1 30 26 56 56
0845_0031_0017_0038_0038.jpg 1 31 17 38 38
0846_0018_0037_0047_0047.jpg 1 18 37 47 47
0847_0030_0023_0059_0059.jpg 1 30 23 59 59
0848_0020_0019_0069_0069.jpg 1 20 19 69 69
0849_0012_0017_0067_0067.jpg 1 12 17 67 67
0850_0028_0018_0053_0053.jpg 1 28 18 53 53
0851_0016_0045_0044_0044.jpg 1 16 45 44 44
0852_0046_0034_0039_0039.jpg 1 46 34 39 39
0853_0021_0017_0069_0069.jpg 1 21 17 69 69
0854_0017_0021_0027_0027.jpg 1 17 21 27 27
0855_0027_0019_0051_0051.jpg 1 27 19 51 51
0856_0036_0036_0032_0032.jpg 1 36 36 32 32
0857_0056_0028_0035_0035.jpg 1 56 28 35 35
0858_0027_0005_0044_0044.jpg 1 27 5 44 44
0859_0016_0017_0048_0048.jpg 1 16 17 48 48
0860_0021_0050_0026_0026.jpg 1 21 50 26 26
0861_0016_0008_0060_0060.jpg 1 16 8 60 60
0862_0015_0033_0059_0059.jpg 1 15 33 59 59
0863_0025_0019_0058_0058.jpg 1 25 19 58 58
0864_0024_0029_0057_0057.jpg 1 24 29 57 57
0865_0048_0019_0034_0034.jpg 1 48 19 34 34
0866_0036_0009_0042_0042.jpg 1 36 9 42 42
0867_0040_0048_0042_0042.jpg 1 40 48 42 42
0868_0046_0014_0043_0043.jpg 1 46 14 43 43
0869_0020_0008_0032_0032.jpg 1 20 8 32 32
0870_0038_0040_0038_0038.jpg 1 38 40 38 38
0871_0003_0026_0062_0062.jpg 1 3 26 62 62
0872_0028_0016_0057_0057.jpg 1 28 16 57 57
0873_0014_0022_0066_0066.jpg 1 14 22 66 66
0874_0014_0041_0024_0024.jpg 1 14 41 24 24
0875_0052_0013_0034_0034.jpg 1 52 13 34 34
0876_0028_0040_0048_0048.jpg 1 28 40 48 48
0877_0020_0022_0062_0062.jpg 1 20 22 62 62
0878_0023_0016_0049_0049.jpg 1 23 16 49 49
0879_0037_0008_0038_0038.jpg 1 37 8 38 38
0880_0040_0050_0041_0041.jpg 1 40 50 41 41
0881_0023_0009_0069_0069.jpg 1 23 9 69 69
0882_0063_0029_0026_0026.jpg 1 63 29 26 26
0883_0047_0006_0039_0039.jpg 1 47 6 39 39
0884_0032_0025_0034_0034.jpg 1 32 25 34 34
0885_0035_0040_0049_0049.jpg 1 35 40 49 49
0886_0054_0047_0028_0028.jpg 1 54 47 28 28
0887_0006_0040_0053_0053.jpg 1 6 40 53 53
0888_0041_0039_0040_0040.jpg 1 41 39 40 40
0889_0044_0022_0048_0048.jpg 1 44 22 48 48
0890_0026_0041_0046_0046.jpg 1 26 41 46 46
0891_0013_0019_0028_0028.jpg 1 13 19 28 28
0892_0038_0028_0033_0033.jpg 1 38 28 33 33
0893_0012_0005_0064_0064.jpg 1 12 5 64 64
0894_0039_0016_0037_0037.jpg 1 39 16 37 37
0895_0010_0024_0040_0040.jpg 1 10 24 40 40
0896_0028_0034_0038_0038.jpg 1 28 34 38 38
0897_0004_0025_0052_0052.jpg 1 4 25 52 52
0898_0025_0019_0032_0032.jpg 1 25 19 32 32
0899_0028_0048_0033_0033.jpg 1 28 48 33 33
0900_0031_0041_0037_0037.jpg 1 31 41 37 37
0901_0003_0012_0066_0066.jpg 1 3 12 66 66
0902_0009_0004_0059_0059.jpg 1 9 4 59 59
0903_0016_0042_0024_0024.jpg 1 16 42 24 24
0904_0018_0031_0047_0047.jpg 1 18 31 47 47
0905_0040_0030_0040_0040.jpg 1 40 30 40 40
0906_0034_0034_0032_0032.jpg 1 34 34 32 32
0907_0031_0005_0061_0061.jpg 1 31 5 61 61
0908_0009_0017_0057_0057.jpg 1 9 17 57 57
0909_0062_0062_0030_0030.jpg 1 62 62 30 30
0910_0013_0022_0042_0042.jpg 1 13 22 42 42
0911_0013_0005_0049_0049.jpg 1 13 5 49 49
0912_0039_0023_0030_0030.jpg 1 39 23 30 30
0913_0017_0017_0038_0038.jpg 1 17 17 38 38
0914_0010_0046_0045_0045.jpg 1 10 46 45 45
0915_0017_0013_0068_0068.jpg 1 17 13 68 68
0916_0025_0024_0036_0036.jpg 1 25 24 36 36
0917_0031_0038_0039_0039.jpg 1 31 38 39 39
0918_0030_0003_0065_0065.jpg 1 30 3 65 65
0919_0023_0032_0051_0051.jpg 1 23 32 51 51
0920_0022_0007_0065_0065.jpg 1 22 7 65 65
0921_0006_0003_0065_0065.jpg 1 6 3 65 65
0922_0015_0039_0034_0034.jpg 1 15 39 34 34
0923_0028_0025_0056_0056.jpg 1 28 25 56 56
0924_0036_0035_0054_0054.jpg 1 36 35 54 54
0925_0031_0033_0060_0060.jpg 1 31 33 60 60
0926_0047_0055_0025_0025.jpg 1 47 55 25 25
0927_0034_0055_0037_0037.jpg 1 34 55 37 37
0928_0037_0015_0052_0052.jpg 1 37 15 52 52
0929_0019_0010_0069_0069.jpg 1 19 10 69 69
0930_0008_0005_0048_0048.jpg 1 8 5 48 48
0931_0013_0033_0057_0057.jpg 1 13 33 57 57
0932_0029_0044_0050_0050.jpg 1 29 44 50 50
0933_0013_0008_0059_0059.jpg 1 13 8 59 59
0934_0007_0029_0029_0029.jpg 1 7 29 29 29
0935_0014_0025_0067_0067.jpg 1 14 25 67 67
0936_0033_0018_0062_0062.jpg 1 33 18 62 62
0937_0013_0029_0046_0046.jpg 1 13 29 46 46
0938_0006_0011_0047_0047.jpg 1 6 11 47 47
0939_0015_0010_0061_0061.jpg 1 15 10 61 61
0940_0014_0011_0051_0051.jpg 1 14 11 51 51
0941_0038_0016_0050_0050.jpg 1 38 16 50 50
0942_0025_0033_0048_0048.jpg 1 25 33 48 48
0943_0030_0039_0029_0029.jpg 1 30 39 29 29
0944_0021_0028_0030_0030.jpg 1 21 28 30 30
0945_0045_0021_0034_0034.jpg 1 45 21 34 34
0946_0062_0037_0026_0026.jpg 1 62 37 26 26
0947_0012_0045_0030_0030.jpg 1 12 45 30 30
0948_0056_0053_0025_0025.jpg 1 56 53 25 25
0949_0052_0055_0037_0037.jpg 1 52 55 37 37
0950_0039_0029_0029_0029.jpg 1 39 29 29 29
0951_0018_0039_0040_0040.jpg 1 18 39 40 40
0952_0007_0018_0054_0054.jpg 1 7 18 54 54
0953_0050_0059_0034_0034.jpg 1 50 59 34 34
0954_0054_0036_0029_0029.jpg 1 54 36 29 29
0955_0032_0065_0024_0024.jpg 1 32 65 24 24
0956_0048_0052_0036_0036.jpg 1 48 52 36 36
0957_0031_0047_0040_0040.jpg 1 31 47 40 40
0958_0014_0033_0061_0061.jpg 1 14 33 61 61
0959_0017_0031_0052_0052.jpg 1 17 31 52 52
0960_0020_0009_0033_0033.jpg 1 20 9 33 33
0961_0024_0034_0057_0057.jpg 1 24 34 57 57
0962_0053_0038_0028_0028.jpg 1 53 38 28 28
0963_0038_0009_0043_0043.jpg 1 38 9 43 43
0964_0022_0049_0032_0032.jpg 1 22 49 32 32
0965_0012_0018_0060_0060.jpg 1 12 18 60 60
0966_0057_0054_0030_0030.jpg 1 57 54 30 30
0967_0030_0005_0066_0066.jpg 1 30 5 66 66
0968_0006_0039_0048_0048.jpg 1 6 39 48 48
0969_0010_0019_0049_0049.jpg 1 10 19 49 49
0970_0037_0028_0028_0028.jpg 1 37 28 28 28
0971_0066_0022_0025_0025.jpg 1 66 22 25 25
0972_0037_0023_0046_0046.jpg 1 37 23 46 46
0973_0030_0026_0061_0061.jpg 1 30 26 61 61
0974_0024_0004_0069_0069.jpg 1 24 4 69 69
0975_0038_0011_0045_0045.jpg 1 38 11 45 45
0976_0024_0025_0063_0063.jpg 1 24 25 63 63
0977_0022_0012_0068_0068.jpg 1 22 12 68 68
0978_0012_0020_0053_0053.jpg 1 12 20 53 53
0979_0026_0007_0061_0061.jpg 1 26 7 61 61
0980_0013_0011_0069_0069.jpg 1 13 11 69 69
0981_0032_0005_0048_0048.jpg 1 32 5 48 48
0982_0035_0039_0055_0055.jpg 1 35 39 55 55
0983_0009_0032_0044_0044.jpg 1 9 32 44 44
0984_0063_0061_0028_0028.jpg 1 63 61 28 28
0985_0055_0013_0032_0032.jpg 1 55 13 32 32
0986_0030_0012_0056_0056.jpg 1 30 12 56 56
0987_0037_0042_0036_0036.jpg 1 37 42 36 36
0988_0031_0019_0062_0062.jpg 1 31 19 62 62
0989_0013_0052_0036_0036.jpg 1 13 52 36 36
0990_0043_0021_0039_0039.jpg 1 43 21 39 39
0991_0028_0009_0063_0063.jpg 1 28 9 63 63
0992_0029_0014_0061_0061.jpg 1 29 14 61 61
0993_0007_0015_0068_0068.jpg 1 7 15 68 68
0994_0036_0007_0048_0048.jpg 1 36 7 48 48
0995_0026_0015_0052_0052.jpg 1 26 15 52 52
0996_0033_0011_0056_0056.jpg 1 33 11 56 56
0997_0037_0009_0044_0044.jpg 1 37 9 44 44
0998_0034_0035_0048_0048.jpg 1 34 35 48 48
0999_0013_0014_0064_0064.jpg 1 13 14 64 64
1000_0032_0029_0053_0053.jpg 1 32 29 53 53
1001_0037_0034_0028_0028.jpg 1 37 34 28 28
1002_0024_0007_0059_0059.jpg 1 24 7 59 59
1003_0012_0013_0069_0069.jpg 1 12 13 69 69
1004_0042_0035_0051_0051.jpg 1 42 35 51 51
1005_0017_0039_0042_0042.jpg 1 17 39 42 42
1006_0034_0038_0056_0056.jpg 1 34 38 56 56
1007_0024_0026_0062_0062.jpg 1 24 26 62 62
1008_0006_0021_0045_0045.jpg 1 6 21 45 45
1009_0004_0017_0054_0054.jpg 1 4 17 54 54
1010_0004_0016_0059_0059.jpg 1 4 16 59 59
1011_0044_0019_0049_0049.jpg 1 44 19 49 49
1012_0010_0008_0060_0060.jpg 1 10 8 60 60
1013_0027_0035_0058_0058.jpg 1 27 35 58 58
1014_0027_0046_0024_0024.jpg 1 27 46 24 24
1015_0031_0005_0053_0053.jpg 1 31 5 53 53
1016_0033_0007_0041_0041.jpg 1 33 7 41 41
1017_0060_0061_0025_0025.jpg 1 60 61 25 25
1018_0026_0028_0054_0054.jpg 1 26 28 54 54
1019_0017_0012_0066_0066.jpg 1 17 12 66 66
1020_0046_0011_0025_0025.jpg 1 46 11 25 25
1021_0036_0020_0058_0058.jpg 1 36 20 58 58
1022_0061_0048_0026_0026.jpg 1 61 48 26 26
1023_0020_0058_0026_0026.jpg 1 20 58 26 26
1024_0022_0012_0068_0068.jpg 1 22 12 68 68
1025_0042_0030_0050_0050.jpg 1 42 30 50 50
1026_0006_0007_0045_0045.jpg 1 6 7 45 45
1027_0052_0034_0032_0032.jpg 1 52 34 32 32
1028_0032_0027_0047_0047.jpg 1 32 27 47 47
1029_0029_0056_0030_0030.jpg 1 29 56 30 30
1030_0020_0029_0045_0045.jpg 1 20 29 45 45
1031_0006_0024_0063_0063.jpg 1 6 24 63 63
1032_0047_0033_0043_0043.jpg 1 47 33 43 43
1033_0026_0025_0025_0025.jpg 1 26 25 25 25
1034_0012_0057_0032_0032.jpg 1 12 57 32 32
1035_0040_0030_0053_0053.jpg 1 40 30 53 53
1036_0026_0047_0045_0045.jpg 1 26 47 45 45
1037_0004_0029_0058_0058.jpg 1 4 29 58 58
1038_0005_0019_0055_0055.jpg 1 5 19 55 55
1039_0006_0023_0065_0065.jpg 1 6 23 65 65
1040_0014_0010_0058_0058.jpg 1 14 10 58 58
1041_0040_0014_0042_0042.jpg 1 40 14 42 42
1042_0030_0041_0044_0044.jpg 1 30 41 44 44
1043_0027_0009_0052_0052.jpg 1 27 9 52 52
1044_0036_0005_0053_0053.jpg 1 36 5 53 53
1045_0011_0020_0059_0059.jpg 1 11 20 59 59
1046_0045_0051_0043_0043.jpg 1 45 51 43 43
1047_0027_0029_0063_0063.jpg 1 27 29 63 63
1048_0056_0046_0031_0031.jpg 1 56 46 31 31
1049_0018_0066_0024_0024.jpg 1 18 66 24 24
1050_0040_0025_0043_0043.jpg 1 40 25 43 43
1051_0042_0018_0025_0025.jpg 1 42 18 25 25
1052_0058_0010_0029_0029.jpg 1 58 10 29 29
1053_0052_0043_0031_0031.jpg 1 52 43 31 31
1054_0010_0040_0041_0041.jpg 1 10 40 41 41
1055_0009_0033_0062_0062.jpg 1 9 33 62 62
1056_0020_0007_0069_0069.jpg 1 20 7 69 69
1057_0023_0047_0045_0045.jpg 1 23 47 45 45
1058_0032_0043_0033_0033.jpg 1 32 43 33 33
1059_0024_0016_0056_0056.jpg 1 24 16 56 56
1060_0039_0020_0045_0045.jpg 1 39 20 45 45
1061_0026_0016_0061_0061.jpg 1 26 16 61 61
1062_0014_0013_0045_0045.jpg 1 14 13 45 45
1063_0041_0020_0035_0035.jpg 1 41 20 35 35
1064_0040_0048_0028_0028.jpg 1 40 48 28 28
1065_0021_0019_0037_0037.jpg 1 21 19 37 37
1066_0042_0056_0037_0037.jpg 1 42 56 37 37
1067_0033_0016_0043_0043.jpg 1 33 16 43 43
1068_0024_0008_0068_0068.jpg 1 24 8 68 68
1069_0024_0012_0047_0047.jpg 1 24 12 47 47
1070_0020_0015_0062_0062.jpg 1 20 15 62 62
